

============================== 2022-08-13 11:59:09.138040 | 4cff3fef-8f29-4ba9-b0c3-fc591f112263 ==============================
[0m11:59:09.138050 [info ] [MainThread]: Running with dbt=1.2.0
[0m11:59:09.138349 [debug] [MainThread]: running dbt with arguments {'write_json': True, 'use_colors': True, 'printer_width': 80, 'version_check': True, 'partial_parse': True, 'static_parser': True, 'profiles_dir': '/home/developer/.dbt', 'send_anonymous_usage_stats': True, 'event_buffer_size': 100000, 'quiet': False, 'no_print': False, 'project_name': 'dbt_project', 'skip_profile_setup': False, 'which': 'init', 'indirect_selection': 'eager'}
[0m11:59:09.138452 [debug] [MainThread]: Tracking: tracking
[0m11:59:09.140194 [debug] [MainThread]: Sending event: {'category': 'dbt', 'action': 'invocation', 'label': 'start', 'context': [<snowplow_tracker.self_describing_json.SelfDescribingJson object at 0x7fc3dfc0dde0>, <snowplow_tracker.self_describing_json.SelfDescribingJson object at 0x7fc3e42f6ad0>, <snowplow_tracker.self_describing_json.SelfDescribingJson object at 0x7fc3dfde4c10>]}
[0m11:59:09.140545 [info ] [MainThread]: Creating dbt configuration folder at /home/developer/.dbt
[0m11:59:09.141213 [debug] [MainThread]: Starter project path: /home/developer/anaconda3/envs/test-dbt/lib/python3.10/site-packages/dbt/include/starter_project
[0m11:59:15.338935 [info ] [MainThread]: Profile dbt_project written to /home/developer/.dbt/profiles.yml using target's sample configuration. Once updated, you'll be able to start developing with dbt.
[0m11:59:15.339303 [info ] [MainThread]: 
Your new dbt project "dbt_project" was created!

For more information on how to configure the profiles.yml file,
please consult the dbt documentation here:

  https://docs.getdbt.com/docs/configure-your-profile

One more thing:

Need help? Don't hesitate to reach out to us via GitHub issues or on Slack:

  https://community.getdbt.com/

Happy modeling!

[0m11:59:15.339635 [debug] [MainThread]: Sending event: {'category': 'dbt', 'action': 'invocation', 'label': 'end', 'context': [<snowplow_tracker.self_describing_json.SelfDescribingJson object at 0x7fc3dfde4b20>, <snowplow_tracker.self_describing_json.SelfDescribingJson object at 0x7fc3dfde62f0>, <snowplow_tracker.self_describing_json.SelfDescribingJson object at 0x7fc3dfde5f60>]}


============================== 2022-08-13 12:24:30.179111 | 42ba3b58-e0a6-4a85-bb2e-533033dfd2aa ==============================
[0m12:24:30.179119 [info ] [MainThread]: Running with dbt=1.2.0
[0m12:24:30.179386 [debug] [MainThread]: running dbt with arguments {'write_json': True, 'use_colors': True, 'printer_width': 80, 'version_check': True, 'partial_parse': True, 'static_parser': True, 'profiles_dir': '/home/developer/.dbt', 'send_anonymous_usage_stats': True, 'event_buffer_size': 100000, 'quiet': False, 'no_print': False, 'config_dir': False, 'which': 'debug', 'indirect_selection': 'eager'}
[0m12:24:30.179528 [debug] [MainThread]: Tracking: tracking
[0m12:24:30.180445 [debug] [MainThread]: Sending event: {'category': 'dbt', 'action': 'invocation', 'label': 'start', 'context': [<snowplow_tracker.self_describing_json.SelfDescribingJson object at 0x7fbb79ae5fc0>, <snowplow_tracker.self_describing_json.SelfDescribingJson object at 0x7fbb79ae52d0>, <snowplow_tracker.self_describing_json.SelfDescribingJson object at 0x7fbb79ae5f00>]}
[0m12:24:30.181150 [debug] [MainThread]: Executing "git --help"
[0m12:24:30.182104 [debug] [MainThread]: STDOUT: "b"usage: git [--version] [--help] [-C <path>] [-c <name>=<value>]\n           [--exec-path[=<path>]] [--html-path] [--man-path] [--info-path]\n           [-p | --paginate | -P | --no-pager] [--no-replace-objects] [--bare]\n           [--git-dir=<path>] [--work-tree=<path>] [--namespace=<name>]\n           [--super-prefix=<path>] [--config-env=<name>=<envvar>]\n           <command> [<args>]\n\nThese are common Git commands used in various situations:\n\nstart a working area (see also: git help tutorial)\n   clone     Clone a repository into a new directory\n   init      Create an empty Git repository or reinitialize an existing one\n\nwork on the current change (see also: git help everyday)\n   add       Add file contents to the index\n   mv        Move or rename a file, a directory, or a symlink\n   restore   Restore working tree files\n   rm        Remove files from the working tree and from the index\n\nexamine the history and state (see also: git help revisions)\n   bisect    Use binary search to find the commit that introduced a bug\n   diff      Show changes between commits, commit and working tree, etc\n   grep      Print lines matching a pattern\n   log       Show commit logs\n   show      Show various types of objects\n   status    Show the working tree status\n\ngrow, mark and tweak your common history\n   branch    List, create, or delete branches\n   commit    Record changes to the repository\n   merge     Join two or more development histories together\n   rebase    Reapply commits on top of another base tip\n   reset     Reset current HEAD to the specified state\n   switch    Switch branches\n   tag       Create, list, delete or verify a tag object signed with GPG\n\ncollaborate (see also: git help workflows)\n   fetch     Download objects and refs from another repository\n   pull      Fetch from and integrate with another repository or a local branch\n   push      Update remote refs along with associated objects\n\n'git help -a' and 'git help -g' list available subcommands and some\nconcept guides. See 'git help <command>' or 'git help <concept>'\nto read about a specific subcommand or concept.\nSee 'git help git' for an overview of the system.\n""
[0m12:24:30.182222 [debug] [MainThread]: STDERR: "b''"
[0m12:24:30.182404 [debug] [MainThread]: Sending event: {'category': 'dbt', 'action': 'invocation', 'label': 'end', 'context': [<snowplow_tracker.self_describing_json.SelfDescribingJson object at 0x7fbb79ae4dc0>, <snowplow_tracker.self_describing_json.SelfDescribingJson object at 0x7fbb79ae5f30>, <snowplow_tracker.self_describing_json.SelfDescribingJson object at 0x7fbb79ae51b0>]}
